2025-02-11 04:46:06,781 ERROR Error connecting to MySQL: (2013, 'Lost connection to MySQL server during query')
2025-02-11 04:46:41,793 ERROR Error connecting to MySQL: (2013, 'Lost connection to MySQL server during query')
2025-02-11 04:56:18,864 ERROR Error connecting to MySQL: (2013, 'Lost connection to MySQL server during query')
2025-02-11 04:57:00,366 ERROR Error connecting to MySQL: (2013, 'Lost connection to MySQL server during query')
2025-02-11 04:57:35,387 ERROR Error connecting to MySQL: (2013, 'Lost connection to MySQL server during query')
2025-02-11 04:58:10,400 ERROR Error connecting to MySQL: (2013, 'Lost connection to MySQL server during query')
2025-02-11 06:00:05,838 ERROR Error connecting to MySQL: (2013, 'Lost connection to MySQL server during query')
2025-02-11 06:00:40,848 ERROR Error connecting to MySQL: (2013, 'Lost connection to MySQL server during query')
2025-02-11 06:01:15,863 ERROR Error connecting to MySQL: (2013, 'Lost connection to MySQL server during query')
2025-02-11 06:03:46,650 ERROR Error connecting to MySQL: (2013, 'Lost connection to MySQL server during query')
2025-02-11 06:50:28,528 ERROR Error connecting to MySQL: (2013, 'Lost connection to MySQL server during query')
2025-02-11 06:51:08,980 ERROR Error connecting to MySQL: (2013, 'Lost connection to MySQL server during query')
2025-02-11 06:51:49,012 ERROR Error connecting to MySQL: (2013, 'Lost connection to MySQL server during query')
2025-02-11 06:52:29,037 ERROR Error connecting to MySQL: (2013, 'Lost connection to MySQL server during query')
2025-02-11 06:54:48,873 ERROR Error connecting to MySQL: (2013, 'Lost connection to MySQL server during query')
2025-02-11 06:55:28,895 ERROR Error connecting to MySQL: (2013, 'Lost connection to MySQL server during query')
2025-02-11 06:56:14,832 ERROR Error connecting to MySQL: (2013, 'Lost connection to MySQL server during query')
2025-02-11 06:56:54,854 ERROR Error connecting to MySQL: (2013, 'Lost connection to MySQL server during query')
2025-02-11 06:57:45,455 ERROR Error connecting to MySQL: (2013, 'Lost connection to MySQL server during query')
2025-02-11 07:01:10,156 ERROR Error connecting to MySQL: (2013, 'Lost connection to MySQL server during query')
2025-02-11 07:01:55,819 ERROR Error connecting to MySQL: (2013, 'Lost connection to MySQL server during query')
2025-02-11 07:05:05,859 ERROR Error connecting to MySQL: (2013, 'Lost connection to MySQL server during query')
2025-02-11 07:05:57,027 ERROR Error connecting to MySQL: (2013, 'Lost connection to MySQL server during query')
2025-02-11 07:06:41,818 ERROR Error connecting to MySQL: (2013, 'Lost connection to MySQL server during query')
2025-02-11 07:07:23,843 ERROR Error connecting to MySQL: (2013, 'Lost connection to MySQL server during query')
2025-02-11 07:08:03,863 ERROR Error connecting to MySQL: (2013, 'Lost connection to MySQL server during query')
2025-02-11 07:10:00,158 ERROR Error connecting to MySQL: (2013, 'Lost connection to MySQL server during query')
2025-02-11 07:10:41,635 ERROR Error connecting to MySQL: (2013, 'Lost connection to MySQL server during query')
2025-02-11 07:11:27,957 ERROR Error connecting to MySQL: (2013, 'Lost connection to MySQL server during query')
2025-02-11 07:12:07,986 ERROR Error connecting to MySQL: (2013, 'Lost connection to MySQL server during query')
2025-02-11 07:13:53,760 ERROR Error connecting to MySQL: (2013, 'Lost connection to MySQL server during query')
2025-02-11 07:14:33,771 ERROR Error connecting to MySQL: (2013, 'Lost connection to MySQL server during query')
2025-02-11 07:19:25,384 ERROR Error connecting to MySQL: (2013, 'Lost connection to MySQL server during query')
2025-02-11 07:20:05,396 ERROR Error connecting to MySQL: (2013, 'Lost connection to MySQL server during query')
2025-02-11 07:20:46,608 ERROR Error connecting to MySQL: (2013, 'Lost connection to MySQL server during query')
2025-02-11 07:21:31,660 ERROR Error connecting to MySQL: (2013, 'Lost connection to MySQL server during query')
2025-02-11 07:22:11,673 ERROR Error connecting to MySQL: (2013, 'Lost connection to MySQL server during query')
2025-02-11 07:25:45,364 ERROR Error connecting to MySQL: (2013, 'Lost connection to MySQL server during query')
2025-02-11 07:28:06,211 ERROR Error connecting to MySQL: (2013, 'Lost connection to MySQL server during query')
2025-02-11 07:28:50,221 ERROR Error connecting to MySQL: (2013, 'Lost connection to MySQL server during query')
2025-02-11 07:29:30,234 ERROR Error connecting to MySQL: (2013, 'Lost connection to MySQL server during query')
2025-02-11 07:31:31,155 ERROR Error connecting to MySQL: (2013, 'Lost connection to MySQL server during query')
2025-02-11 07:32:12,789 ERROR Error connecting to MySQL: (2013, 'Lost connection to MySQL server during query')
2025-02-11 07:32:57,878 ERROR Error connecting to MySQL: (2013, 'Lost connection to MySQL server during query')
2025-02-11 07:33:38,734 ERROR Error connecting to MySQL: (2013, 'Lost connection to MySQL server during query')
2025-02-11 07:34:18,756 ERROR Error connecting to MySQL: (2013, 'Lost connection to MySQL server during query')
2025-02-11 07:34:59,293 ERROR Error connecting to MySQL: (2013, 'Lost connection to MySQL server during query')
2025-02-11 07:36:58,856 ERROR Error connecting to MySQL: (2013, 'Lost connection to MySQL server during query')
2025-02-11 07:37:45,138 ERROR Error connecting to MySQL: (2013, 'Lost connection to MySQL server during query')
2025-02-11 07:39:31,791 ERROR Error connecting to MySQL: (2013, 'Lost connection to MySQL server during query')
2025-02-11 07:40:11,817 ERROR Error connecting to MySQL: (2013, 'Lost connection to MySQL server during query')
2025-02-11 07:52:54,494 ERROR Error connecting to MySQL: (2013, 'Lost connection to MySQL server during query')
2025-02-11 08:23:37,742 ERROR Error connecting to MySQL: (2013, 'Lost connection to MySQL server during query')
2025-02-11 08:39:00,430 ERROR Error connecting to MySQL: (2013, 'Lost connection to MySQL server during query')
2025-02-11 10:16:04,610 ERROR Error connecting to MySQL: (2013, 'Lost connection to MySQL server during query')
2025-02-11 10:16:44,625 ERROR Error connecting to MySQL: (2013, 'Lost connection to MySQL server during query')
2025-02-11 10:17:36,796 ERROR Error connecting to MySQL: (2013, 'Lost connection to MySQL server during query')
2025-02-11 10:19:42,094 ERROR Error connecting to MySQL: (2013, 'Lost connection to MySQL server during query')
2025-02-11 10:20:22,122 ERROR Error connecting to MySQL: (2013, 'Lost connection to MySQL server during query')
2025-02-11 10:21:07,187 ERROR Error connecting to MySQL: (2013, 'Lost connection to MySQL server during query')
2025-02-11 10:23:13,403 ERROR Error connecting to MySQL: (2013, 'Lost connection to MySQL server during query')
2025-02-11 10:25:07,984 ERROR Error connecting to MySQL: (2013, 'Lost connection to MySQL server during query')
2025-02-11 10:25:49,106 ERROR Error connecting to MySQL: (2013, 'Lost connection to MySQL server during query')
2025-02-11 10:26:33,483 ERROR Error connecting to MySQL: (2013, 'Lost connection to MySQL server during query')
2025-02-11 10:27:13,495 ERROR Error connecting to MySQL: (2013, 'Lost connection to MySQL server during query')
2025-02-11 10:29:10,688 ERROR Error connecting to MySQL: (2013, 'Lost connection to MySQL server during query')
2025-02-11 10:31:13,409 ERROR Error connecting to MySQL: (2013, 'Lost connection to MySQL server during query')
2025-02-11 10:31:53,429 ERROR Error connecting to MySQL: (2013, 'Lost connection to MySQL server during query')
2025-02-11 10:32:38,867 ERROR Error connecting to MySQL: (2013, 'Lost connection to MySQL server during query')
2025-02-11 10:34:35,813 ERROR Error connecting to MySQL: (2013, 'Lost connection to MySQL server during query')
2025-02-11 10:35:16,694 ERROR Error connecting to MySQL: (2013, 'Lost connection to MySQL server during query')
2025-02-11 10:36:00,996 ERROR Error connecting to MySQL: (2013, 'Lost connection to MySQL server during query')
2025-02-11 10:36:42,963 ERROR Error connecting to MySQL: (2013, 'Lost connection to MySQL server during query')
2025-02-11 10:37:23,417 ERROR Error connecting to MySQL: (2013, 'Lost connection to MySQL server during query')
2025-02-11 10:39:09,273 ERROR Error connecting to MySQL: (2013, 'Lost connection to MySQL server during query')
2025-02-11 10:39:49,284 ERROR Error connecting to MySQL: (2013, 'Lost connection to MySQL server during query')
2025-02-11 10:40:40,417 ERROR Error connecting to MySQL: (2013, 'Lost connection to MySQL server during query')
2025-02-11 10:41:20,789 ERROR Error connecting to MySQL: (2013, 'Lost connection to MySQL server during query')
2025-02-11 10:42:05,250 ERROR Error connecting to MySQL: (2013, 'Lost connection to MySQL server during query')
2025-02-11 10:42:46,038 ERROR Error connecting to MySQL: (2013, 'Lost connection to MySQL server during query')
2025-02-11 12:37:48,950 ERROR Error connecting to MySQL: (2013, 'Lost connection to MySQL server during query')
2025-02-11 12:38:33,711 ERROR Error connecting to MySQL: (2013, 'Lost connection to MySQL server during query')
2025-02-11 12:40:21,865 ERROR Error connecting to MySQL: (2013, 'Lost connection to MySQL server during query')
2025-02-11 12:49:45,448 ERROR Error connecting to MySQL: (2013, 'Lost connection to MySQL server during query')
2025-02-12 11:20:37,214 ERROR Error connecting to MySQL: (2013, 'Lost connection to MySQL server during query')
2025-02-12 11:20:52,961 ERROR Error connecting to MySQL: (2013, 'Lost connection to MySQL server during query')
2025-02-12 12:06:57,062 ERROR Error connecting to MySQL: (2013, 'Lost connection to MySQL server during query')
2025-02-12 12:07:37,979 ERROR Error connecting to MySQL: (2013, 'Lost connection to MySQL server during query')
2025-02-12 12:09:58,465 ERROR Error connecting to MySQL: (2013, 'Lost connection to MySQL server during query')
2025-02-12 12:21:50,284 ERROR Error connecting to MySQL: (2013, 'Lost connection to MySQL server during query')
2025-02-12 12:22:44,952 ERROR Error connecting to MySQL: (2013, 'Lost connection to MySQL server during query')
2025-02-12 12:23:25,921 ERROR Error connecting to MySQL: (2013, 'Lost connection to MySQL server during query')
2025-02-12 12:24:05,941 ERROR Error connecting to MySQL: (2013, 'Lost connection to MySQL server during query')
2025-02-12 12:25:01,455 ERROR Error connecting to MySQL: (2013, 'Lost connection to MySQL server during query')
2025-02-12 12:25:41,856 ERROR Error connecting to MySQL: (2013, 'Lost connection to MySQL server during query')
2025-02-12 12:26:24,666 ERROR Error connecting to MySQL: (2013, 'Lost connection to MySQL server during query')
2025-02-12 12:27:55,723 ERROR Error connecting to MySQL: (2013, 'Lost connection to MySQL server during query')
2025-02-12 12:28:36,135 ERROR Error connecting to MySQL: (2013, 'Lost connection to MySQL server during query')
2025-02-12 12:29:16,174 ERROR Error connecting to MySQL: (2013, 'Lost connection to MySQL server during query')
2025-02-12 12:29:56,191 ERROR Error connecting to MySQL: (2013, 'Lost connection to MySQL server during query')
2025-02-12 12:30:41,208 ERROR Error connecting to MySQL: (2013, 'Lost connection to MySQL server during query')
2025-02-12 12:31:47,283 ERROR Error connecting to MySQL: (2013, 'Lost connection to MySQL server during query')
2025-02-12 13:02:17,842 ERROR Error connecting to MySQL: (2013, 'Lost connection to MySQL server during query')
2025-02-12 13:05:17,191 ERROR Error connecting to MySQL: (2013, 'Lost connection to MySQL server during query')
2025-02-12 13:31:40,248 ERROR Error connecting to MySQL: (2013, 'Lost connection to MySQL server during query')
2025-02-12 13:34:13,236 ERROR Error connecting to MySQL: (2013, 'Lost connection to MySQL server during query')
2025-02-12 13:47:41,879 ERROR Error connecting to MySQL: (2013, 'Lost connection to MySQL server during query')
2025-02-12 13:48:31,195 ERROR Error connecting to MySQL: (2013, 'Lost connection to MySQL server during query')
2025-02-12 13:49:11,215 ERROR Error connecting to MySQL: (2013, 'Lost connection to MySQL server during query')
2025-02-12 13:49:51,970 ERROR Error connecting to MySQL: (2013, 'Lost connection to MySQL server during query')
2025-02-12 13:50:39,442 ERROR Error connecting to MySQL: (2013, 'Lost connection to MySQL server during query')
2025-02-12 15:09:24,439 ERROR Error connecting to MySQL: (2013, 'Lost connection to MySQL server during query')
2025-02-12 15:10:19,851 ERROR Error connecting to MySQL: (2013, 'Lost connection to MySQL server during query')
2025-02-12 15:11:09,164 ERROR Error connecting to MySQL: (2013, 'Lost connection to MySQL server during query')
2025-02-12 15:11:24,317 ERROR Error connecting to MySQL: (2013, 'Lost connection to MySQL server during query')
2025-02-12 15:12:12,395 ERROR Error connecting to MySQL: (2013, 'Lost connection to MySQL server during query')
2025-02-12 15:12:53,639 ERROR Error connecting to MySQL: (2013, 'Lost connection to MySQL server during query')
2025-02-12 15:13:36,093 ERROR Error connecting to MySQL: (2013, 'Lost connection to MySQL server during query')
2025-02-12 15:15:22,096 ERROR Error connecting to MySQL: (2013, 'Lost connection to MySQL server during query')
2025-02-12 15:16:22,749 ERROR Error connecting to MySQL: (2013, 'Lost connection to MySQL server during query')
2025-02-12 15:17:02,764 ERROR Error connecting to MySQL: (2013, 'Lost connection to MySQL server during query')
2025-02-12 15:17:52,000 ERROR Error connecting to MySQL: (2013, 'Lost connection to MySQL server during query')
2025-02-12 15:18:34,865 ERROR Error connecting to MySQL: (2013, 'Lost connection to MySQL server during query')
2025-02-12 15:19:18,304 ERROR Error connecting to MySQL: (2013, 'Lost connection to MySQL server during query')
2025-02-12 15:20:01,060 ERROR Error connecting to MySQL: (2013, 'Lost connection to MySQL server during query')
2025-02-12 15:20:17,944 ERROR Error connecting to MySQL: (2013, 'Lost connection to MySQL server during query')
2025-02-12 15:20:58,584 ERROR Error connecting to MySQL: (2013, 'Lost connection to MySQL server during query')
2025-02-12 15:21:41,866 ERROR Error connecting to MySQL: (2013, 'Lost connection to MySQL server during query')
2025-02-12 15:22:28,459 ERROR Error connecting to MySQL: (2013, 'Lost connection to MySQL server during query')
2025-02-12 15:25:54,999 ERROR Error connecting to MySQL: (2013, 'Lost connection to MySQL server during query')
2025-02-12 15:26:35,018 ERROR Error connecting to MySQL: (2013, 'Lost connection to MySQL server during query')
2025-02-12 15:27:15,045 ERROR Error connecting to MySQL: (2013, 'Lost connection to MySQL server during query')
2025-02-12 15:28:20,814 ERROR Error connecting to MySQL: (2013, 'Lost connection to MySQL server during query')
2025-02-12 15:29:08,319 ERROR Error connecting to MySQL: (2013, 'Lost connection to MySQL server during query')
2025-02-12 15:29:49,284 ERROR Error connecting to MySQL: (2013, 'Lost connection to MySQL server during query')
2025-02-12 15:30:29,300 ERROR Error connecting to MySQL: (2013, 'Lost connection to MySQL server during query')
2025-02-12 15:31:09,316 ERROR Error connecting to MySQL: (2013, 'Lost connection to MySQL server during query')
2025-02-12 15:31:49,343 ERROR Error connecting to MySQL: (2013, 'Lost connection to MySQL server during query')
2025-02-12 15:32:31,533 ERROR Error connecting to MySQL: (2013, 'Lost connection to MySQL server during query')
2025-02-12 15:33:12,233 ERROR Error connecting to MySQL: (2013, 'Lost connection to MySQL server during query')
2025-02-12 15:33:52,245 ERROR Error connecting to MySQL: (2013, 'Lost connection to MySQL server during query')
2025-02-12 15:34:34,221 ERROR Error connecting to MySQL: (2013, 'Lost connection to MySQL server during query')
2025-02-12 15:35:14,237 ERROR Error connecting to MySQL: (2013, 'Lost connection to MySQL server during query')
2025-02-12 15:35:55,431 ERROR Error connecting to MySQL: (2013, 'Lost connection to MySQL server during query')
2025-02-12 15:36:35,821 ERROR Error connecting to MySQL: (2013, 'Lost connection to MySQL server during query')
2025-02-12 15:56:15,869 ERROR Error connecting to MySQL: (2013, 'Lost connection to MySQL server during query')
2025-02-12 15:56:56,427 ERROR Error connecting to MySQL: (2013, 'Lost connection to MySQL server during query')
2025-02-12 15:57:36,443 ERROR Error connecting to MySQL: (2013, 'Lost connection to MySQL server during query')
2025-02-12 15:58:16,454 ERROR Error connecting to MySQL: (2013, 'Lost connection to MySQL server during query')
2025-02-12 15:59:01,454 ERROR Error connecting to MySQL: (2013, 'Lost connection to MySQL server during query')
2025-02-12 15:59:46,851 ERROR Error connecting to MySQL: (2013, 'Lost connection to MySQL server during query')
2025-02-12 16:00:38,678 ERROR Error connecting to MySQL: (2013, 'Lost connection to MySQL server during query')
2025-02-12 16:01:33,378 ERROR Error connecting to MySQL: (2013, 'Lost connection to MySQL server during query')
2025-02-12 16:02:17,045 ERROR Error connecting to MySQL: (2013, 'Lost connection to MySQL server during query')
2025-02-12 16:36:49,822 ERROR Error executing get_tasks_by_conditions: Textual SQL expression 'SELECT * FROM task WHERE ...' should be explicitly declared as text('SELECT * FROM task WHERE ...')
2025-02-12 16:38:21,240 ERROR Error executing get_tasks_by_conditions: (pymysql.err.OperationalError) (2003, "Can't connect to MySQL server on '3#@127.0.0.1' ([Errno 8] nodename nor servname provided, or not known)")
(Background on this error at: https://sqlalche.me/e/20/e3q8)
2025-02-12 16:41:19,900 ERROR Error executing get_tasks_by_conditions: (pymysql.err.OperationalError) (2003, "Can't connect to MySQL server on '3#@127.0.0.1' ([Errno 8] nodename nor servname provided, or not known)")
(Background on this error at: https://sqlalche.me/e/20/e3q8)
2025-02-12 16:42:50,433 ERROR Error connecting to MySQL: (2013, 'Lost connection to MySQL server during query')
2025-02-12 16:43:30,448 ERROR Error connecting to MySQL: (2013, 'Lost connection to MySQL server during query')
2025-02-12 16:44:10,476 ERROR Error connecting to MySQL: (2013, 'Lost connection to MySQL server during query')
2025-02-12 16:44:50,493 ERROR Error connecting to MySQL: (2013, 'Lost connection to MySQL server during query')
2025-02-12 16:45:30,502 ERROR Error connecting to MySQL: (2013, 'Lost connection to MySQL server during query')
2025-02-12 16:51:50,254 ERROR Error connecting to MySQL: (2013, 'Lost connection to MySQL server during query')
2025-02-12 16:52:40,992 ERROR Error connecting to MySQL: (2013, 'Lost connection to MySQL server during query')
2025-02-12 16:53:31,719 ERROR Error connecting to MySQL: (2013, 'Lost connection to MySQL server during query')
2025-02-12 16:54:21,732 ERROR Error connecting to MySQL: (2013, 'Lost connection to MySQL server during query')
2025-02-12 16:55:11,752 ERROR Error connecting to MySQL: (2013, 'Lost connection to MySQL server during query')
2025-02-12 16:56:25,746 ERROR Error connecting to MySQL: (2013, 'Lost connection to MySQL server during query')
2025-02-12 16:57:16,091 ERROR Error connecting to MySQL: (2013, 'Lost connection to MySQL server during query')
2025-02-12 16:59:27,375 ERROR Error connecting to MySQL: (2013, 'Lost connection to MySQL server during query')
2025-02-12 17:00:18,095 ERROR Error connecting to MySQL: (2013, 'Lost connection to MySQL server during query')
2025-02-12 17:01:10,879 ERROR Error connecting to MySQL: (2013, 'Lost connection to MySQL server during query')
2025-02-12 17:02:08,013 ERROR Error connecting to MySQL: (2013, 'Lost connection to MySQL server during query')
2025-02-12 17:03:05,097 ERROR Error connecting to MySQL: (2013, 'Lost connection to MySQL server during query')
2025-02-12 17:03:55,113 ERROR Error connecting to MySQL: (2013, 'Lost connection to MySQL server during query')
2025-02-12 17:04:45,529 ERROR Error connecting to MySQL: (2013, 'Lost connection to MySQL server during query')
2025-02-12 17:05:35,902 ERROR Error connecting to MySQL: (2013, 'Lost connection to MySQL server during query')
2025-02-12 17:06:25,913 ERROR Error connecting to MySQL: (2013, 'Lost connection to MySQL server during query')
2025-02-12 17:07:16,387 ERROR Error connecting to MySQL: (2013, 'Lost connection to MySQL server during query')
2025-02-12 17:08:07,106 ERROR Error connecting to MySQL: (2013, 'Lost connection to MySQL server during query')
2025-02-12 17:08:57,125 ERROR Error connecting to MySQL: (2013, 'Lost connection to MySQL server during query')
2025-02-12 17:12:08,288 ERROR Error connecting to MySQL: (2013, 'Lost connection to MySQL server during query')
2025-02-12 17:12:58,309 ERROR Error connecting to MySQL: (2013, 'Lost connection to MySQL server during query')
2025-02-12 17:13:48,339 ERROR Error connecting to MySQL: (2013, 'Lost connection to MySQL server during query')
2025-02-12 17:14:48,801 ERROR Error connecting to MySQL: (2013, 'Lost connection to MySQL server during query')
2025-02-12 17:15:39,171 ERROR Error connecting to MySQL: (2013, 'Lost connection to MySQL server during query')
2025-02-12 17:17:00,171 ERROR Error connecting to MySQL: (2013, 'Lost connection to MySQL server during query')
2025-02-12 17:17:50,566 ERROR Error connecting to MySQL: (2013, 'Lost connection to MySQL server during query')
2025-02-12 17:18:44,439 ERROR Error connecting to MySQL: (2013, 'Lost connection to MySQL server during query')
2025-02-12 17:19:51,492 ERROR Error connecting to MySQL: (2013, 'Lost connection to MySQL server during query')
2025-02-12 17:20:41,508 ERROR Error connecting to MySQL: (2013, 'Lost connection to MySQL server during query')
2025-02-12 17:21:32,721 ERROR Error connecting to MySQL: (2013, 'Lost connection to MySQL server during query')
2025-02-12 17:22:25,936 ERROR Error connecting to MySQL: (2013, 'Lost connection to MySQL server during query')
2025-02-12 17:23:16,631 ERROR Error connecting to MySQL: (2013, 'Lost connection to MySQL server during query')
2025-02-12 17:25:23,371 ERROR Error connecting to MySQL: (2013, 'Lost connection to MySQL server during query')
2025-02-12 17:26:17,221 ERROR Error connecting to MySQL: (2013, 'Lost connection to MySQL server during query')
2025-02-12 17:27:07,591 ERROR Error connecting to MySQL: (2013, 'Lost connection to MySQL server during query')
2025-02-12 17:28:00,820 ERROR Error connecting to MySQL: (2013, 'Lost connection to MySQL server during query')
2025-02-12 17:28:58,019 ERROR Error connecting to MySQL: (2013, 'Lost connection to MySQL server during query')
2025-02-12 17:29:51,176 ERROR Error connecting to MySQL: (2013, 'Lost connection to MySQL server during query')
2025-02-12 17:30:41,537 ERROR Error connecting to MySQL: (2013, 'Lost connection to MySQL server during query')
2025-02-12 17:31:34,178 ERROR Error connecting to MySQL: (2013, 'Lost connection to MySQL server during query')
2025-02-12 17:32:25,683 ERROR Error connecting to MySQL: (2013, 'Lost connection to MySQL server during query')
2025-02-12 17:34:32,612 ERROR Error connecting to MySQL: (2013, 'Lost connection to MySQL server during query')
2025-02-12 17:35:28,593 ERROR Error connecting to MySQL: (2013, 'Lost connection to MySQL server during query')
2025-02-12 17:36:34,469 ERROR Error connecting to MySQL: (2013, 'Lost connection to MySQL server during query')
2025-02-12 17:37:27,079 ERROR Error connecting to MySQL: (2013, 'Lost connection to MySQL server during query')
2025-02-12 17:38:18,586 ERROR Error connecting to MySQL: (2013, 'Lost connection to MySQL server during query')
2025-02-12 17:40:25,255 ERROR Error connecting to MySQL: (2013, 'Lost connection to MySQL server during query')
2025-02-12 17:41:15,272 ERROR Error connecting to MySQL: (2013, 'Lost connection to MySQL server during query')
2025-02-12 17:42:06,011 ERROR Error connecting to MySQL: (2013, 'Lost connection to MySQL server during query')
2025-02-12 17:42:59,589 ERROR Error connecting to MySQL: (2013, 'Lost connection to MySQL server during query')
2025-02-12 17:43:50,886 ERROR Error connecting to MySQL: (2013, 'Lost connection to MySQL server during query')
2025-02-12 17:44:41,303 ERROR Error connecting to MySQL: (2013, 'Lost connection to MySQL server during query')
2025-02-12 17:45:34,014 ERROR Error connecting to MySQL: (2013, 'Lost connection to MySQL server during query')
2025-02-12 17:46:31,958 ERROR Error connecting to MySQL: (2013, 'Lost connection to MySQL server during query')
2025-02-12 17:47:22,309 ERROR Error connecting to MySQL: (2013, 'Lost connection to MySQL server during query')
2025-02-12 17:48:15,973 ERROR Error connecting to MySQL: (2013, 'Lost connection to MySQL server during query')
2025-02-12 17:49:07,062 ERROR Error connecting to MySQL: (2013, 'Lost connection to MySQL server during query')
2025-02-12 17:49:57,073 ERROR Error connecting to MySQL: (2013, 'Lost connection to MySQL server during query')
2025-02-12 17:50:47,435 ERROR Error connecting to MySQL: (2013, 'Lost connection to MySQL server during query')
2025-02-12 17:51:37,455 ERROR Error connecting to MySQL: (2013, 'Lost connection to MySQL server during query')
2025-02-12 17:52:28,575 ERROR Error connecting to MySQL: (2013, 'Lost connection to MySQL server during query')
2025-02-12 17:53:19,359 ERROR Error connecting to MySQL: (2013, 'Lost connection to MySQL server during query')
2025-02-12 17:54:09,779 ERROR Error connecting to MySQL: (2013, 'Lost connection to MySQL server during query')
2025-02-12 17:56:17,772 ERROR Error connecting to MySQL: (2013, 'Lost connection to MySQL server during query')
2025-02-12 17:57:15,253 ERROR Error connecting to MySQL: (2013, 'Lost connection to MySQL server during query')
2025-02-12 17:58:09,117 ERROR Error connecting to MySQL: (2013, 'Lost connection to MySQL server during query')
2025-02-12 17:59:03,686 ERROR Error connecting to MySQL: (2013, 'Lost connection to MySQL server during query')
2025-02-12 17:59:53,700 ERROR Error connecting to MySQL: (2013, 'Lost connection to MySQL server during query')
2025-02-12 18:00:43,713 ERROR Error connecting to MySQL: (2013, 'Lost connection to MySQL server during query')
2025-02-12 18:01:33,751 ERROR Error connecting to MySQL: (2013, 'Lost connection to MySQL server during query')
2025-02-12 18:02:26,694 ERROR Error connecting to MySQL: (2013, 'Lost connection to MySQL server during query')
2025-02-12 18:03:28,869 ERROR Error connecting to MySQL: (2013, 'Lost connection to MySQL server during query')
2025-02-12 18:24:28,052 ERROR Error executing get_tasks_by_conditions: Could not locate a bind configured on mapper Mapper[Task(task)], SQL expression or this Session.
2025-02-12 18:36:15,221 ERROR Error executing get_tasks_by_conditions: (pymysql.err.OperationalError) (2013, 'Lost connection to MySQL server during query')
(Background on this error at: https://sqlalche.me/e/20/e3q8)
2025-02-12 18:42:56,175 ERROR Error executing get_tasks_by_conditions: (pymysql.err.OperationalError) (2013, 'Lost connection to MySQL server during query')
(Background on this error at: https://sqlalche.me/e/20/e3q8)
2025-02-12 18:43:53,619 ERROR Error executing get_tasks_by_conditions: (pymysql.err.OperationalError) (2013, 'Lost connection to MySQL server during query')
(Background on this error at: https://sqlalche.me/e/20/e3q8)
2025-02-12 18:50:46,762 ERROR Error connecting to MySQL: (2013, 'Lost connection to MySQL server during query')
2025-02-12 18:51:52,543 ERROR Error connecting to MySQL: (2013, 'Lost connection to MySQL server during query')
2025-02-12 18:52:47,135 ERROR Error connecting to MySQL: (2013, 'Lost connection to MySQL server during query')
2025-02-12 18:53:37,151 ERROR Error connecting to MySQL: (2013, 'Lost connection to MySQL server during query')
2025-02-12 18:54:27,177 ERROR Error connecting to MySQL: (2013, 'Lost connection to MySQL server during query')
2025-02-13 03:20:56,932 ERROR Error connecting to MySQL: (2013, 'Lost connection to MySQL server during query')
2025-02-13 03:21:46,948 ERROR Error connecting to MySQL: (2013, 'Lost connection to MySQL server during query')
2025-02-13 03:22:49,867 ERROR Error connecting to MySQL: (2013, 'Lost connection to MySQL server during query')
2025-02-13 03:23:40,714 ERROR Error connecting to MySQL: (2013, 'Lost connection to MySQL server during query')
2025-02-13 03:24:30,730 ERROR Error connecting to MySQL: (2013, 'Lost connection to MySQL server during query')
2025-02-13 03:25:24,902 ERROR Error connecting to MySQL: (2013, 'Lost connection to MySQL server during query')
2025-02-13 03:26:22,890 ERROR Error connecting to MySQL: (2013, 'Lost connection to MySQL server during query')
2025-02-13 03:27:19,346 ERROR Error connecting to MySQL: (2013, 'Lost connection to MySQL server during query')
2025-02-13 03:28:09,755 ERROR Error connecting to MySQL: (2013, 'Lost connection to MySQL server during query')
2025-02-13 03:28:45,481 ERROR Error connecting to MySQL: (2013, 'Lost connection to MySQL server during query')
2025-02-13 03:29:05,642 ERROR Error connecting to MySQL: (2003, "Can't connect to MySQL server on '127.0.0.1' ([Errno 61] Connection refused)")
2025-02-13 03:29:22,797 ERROR Error connecting to MySQL: (2003, "Can't connect to MySQL server on '35.200.167.45' (timed out)")
2025-02-13 03:29:52,814 ERROR Error connecting to MySQL: (2003, "Can't connect to MySQL server on '35.200.167.45' (timed out)")
2025-02-13 03:30:22,838 ERROR Error connecting to MySQL: (2003, "Can't connect to MySQL server on '35.200.167.45' (timed out)")
2025-02-13 03:30:52,857 ERROR Error connecting to MySQL: (2003, "Can't connect to MySQL server on '35.200.167.45' (timed out)")
2025-02-13 03:31:36,515 ERROR Error connecting to MySQL: (2003, "Can't connect to MySQL server on '35.200.167.45' (timed out)")
2025-02-13 03:41:52,551 ERROR Error connecting to MySQL: (2003, "Can't connect to MySQL server on '10.92.208.3' (timed out)")
2025-02-13 03:42:33,801 ERROR Error connecting to MySQL: (2003, "Can't connect to MySQL server on '10.92.208.3' (timed out)")
2025-02-13 03:42:55,831 ERROR Error connecting to MySQL: (2003, "Can't connect to MySQL server on '10.92.208.3' (timed out)")
2025-02-13 03:43:25,843 ERROR Error connecting to MySQL: (2003, "Can't connect to MySQL server on '10.92.208.3' (timed out)")
2025-02-13 03:43:55,868 ERROR Error connecting to MySQL: (2003, "Can't connect to MySQL server on '10.92.208.3' (timed out)")
2025-02-13 03:44:59,251 ERROR Error connecting to MySQL: (2013, 'Lost connection to MySQL server during query')
2025-02-13 03:45:50,267 ERROR Error connecting to MySQL: (2013, 'Lost connection to MySQL server during query')
2025-02-13 03:46:46,788 ERROR Error connecting to MySQL: (2013, 'Lost connection to MySQL server during query')
2025-02-13 03:47:40,223 ERROR Error connecting to MySQL: (2013, 'Lost connection to MySQL server during query')
2025-02-13 03:48:30,724 ERROR Error connecting to MySQL: (2013, 'Lost connection to MySQL server during query')
2025-02-13 03:49:22,457 ERROR Error connecting to MySQL: (2013, 'Lost connection to MySQL server during query')
2025-02-13 03:50:13,317 ERROR Error connecting to MySQL: (2013, 'Lost connection to MySQL server during query')
2025-02-13 03:51:04,576 ERROR Error connecting to MySQL: (2013, 'Lost connection to MySQL server during query')
2025-02-13 03:51:54,642 ERROR Error connecting to MySQL: (2013, 'Lost connection to MySQL server during query')
2025-02-13 03:53:12,836 ERROR Error connecting to MySQL: (2013, 'Lost connection to MySQL server during query')
2025-02-13 03:54:04,014 ERROR Error connecting to MySQL: (2013, 'Lost connection to MySQL server during query')
2025-02-13 03:54:56,493 ERROR Error connecting to MySQL: (2013, 'Lost connection to MySQL server during query')
2025-02-13 03:55:34,558 ERROR Error connecting to MySQL: (2013, 'Lost connection to MySQL server during query')
2025-02-13 03:56:09,567 ERROR Error connecting to MySQL: (2013, 'Lost connection to MySQL server during query')
2025-02-13 03:56:44,575 ERROR Error connecting to MySQL: (2013, 'Lost connection to MySQL server during query')
2025-02-13 03:57:25,345 ERROR Error connecting to MySQL: (2013, 'Lost connection to MySQL server during query')
2025-02-13 03:58:01,222 ERROR Error connecting to MySQL: (2013, 'Lost connection to MySQL server during query')
2025-02-13 03:58:40,617 ERROR Error connecting to MySQL: (2013, 'Lost connection to MySQL server during query')
2025-02-13 03:59:15,647 ERROR Error connecting to MySQL: (2013, 'Lost connection to MySQL server during query')
2025-02-13 03:59:51,567 ERROR Error connecting to MySQL: (2013, 'Lost connection to MySQL server during query')
2025-02-13 04:00:26,589 ERROR Error connecting to MySQL: (2013, 'Lost connection to MySQL server during query')
2025-02-13 04:01:04,683 ERROR Error connecting to MySQL: (2013, 'Lost connection to MySQL server during query')
2025-02-13 04:01:39,698 ERROR Error connecting to MySQL: (2013, 'Lost connection to MySQL server during query')
2025-02-13 04:02:14,723 ERROR Error connecting to MySQL: (2013, 'Lost connection to MySQL server during query')
2025-02-13 04:02:58,506 ERROR Error connecting to MySQL: (2013, 'Lost connection to MySQL server during query')
2025-02-13 04:03:36,441 ERROR Error connecting to MySQL: (2013, 'Lost connection to MySQL server during query')
2025-02-13 04:04:13,755 ERROR Error connecting to MySQL: (2013, 'Lost connection to MySQL server during query')
2025-02-13 04:04:51,070 ERROR Error connecting to MySQL: (2013, 'Lost connection to MySQL server during query')
2025-02-13 04:05:43,368 ERROR Error connecting to MySQL: (2013, 'Lost connection to MySQL server during query')
2025-02-13 04:07:21,148 ERROR Error connecting to MySQL: (2013, 'Lost connection to MySQL server during query')
2025-02-13 04:07:58,903 ERROR Error connecting to MySQL: (2013, 'Lost connection to MySQL server during query')
2025-02-13 04:08:36,169 ERROR Error connecting to MySQL: (2013, 'Lost connection to MySQL server during query')
2025-02-13 04:09:38,015 ERROR Error connecting to MySQL: (2013, 'Lost connection to MySQL server during query')
2025-02-13 04:10:16,683 ERROR Error connecting to MySQL: (2013, 'Lost connection to MySQL server during query')
2025-02-13 04:10:53,679 ERROR Error connecting to MySQL: (2013, 'Lost connection to MySQL server during query')
2025-02-13 04:11:32,393 ERROR Error connecting to MySQL: (2013, 'Lost connection to MySQL server during query')
2025-02-13 04:12:08,267 ERROR Error connecting to MySQL: (2013, 'Lost connection to MySQL server during query')
2025-02-13 04:13:45,269 ERROR Error connecting to MySQL: (2013, 'Lost connection to MySQL server during query')
2025-02-13 04:14:28,606 ERROR Error connecting to MySQL: (2013, 'Lost connection to MySQL server during query')
2025-02-13 04:15:56,433 ERROR Error connecting to MySQL: (2013, 'Lost connection to MySQL server during query')
2025-02-13 04:16:34,376 ERROR Error connecting to MySQL: (2013, 'Lost connection to MySQL server during query')
2025-02-13 04:17:10,310 ERROR Error connecting to MySQL: (2013, 'Lost connection to MySQL server during query')
2025-02-13 04:17:53,315 ERROR Error connecting to MySQL: (2013, 'Lost connection to MySQL server during query')
2025-02-13 04:18:32,235 ERROR Error connecting to MySQL: (2013, 'Lost connection to MySQL server during query')
2025-02-13 04:20:19,865 ERROR Error connecting to MySQL: (2013, 'Lost connection to MySQL server during query')
2025-02-13 04:21:04,720 ERROR Error connecting to MySQL: (2013, 'Lost connection to MySQL server during query')
2025-02-13 04:21:48,630 ERROR Error connecting to MySQL: (2013, 'Lost connection to MySQL server during query')
2025-02-13 04:22:23,640 ERROR Error connecting to MySQL: (2013, 'Lost connection to MySQL server during query')
2025-02-13 04:24:24,133 ERROR Error connecting to MySQL: (2013, 'Lost connection to MySQL server during query')
2025-02-13 04:25:02,059 ERROR Error connecting to MySQL: (2013, 'Lost connection to MySQL server during query')
2025-02-13 04:25:39,122 ERROR Error connecting to MySQL: (2013, 'Lost connection to MySQL server during query')
2025-02-13 04:27:25,039 ERROR Error connecting to MySQL: (2013, 'Lost connection to MySQL server during query')
2025-02-13 04:28:03,967 ERROR Error connecting to MySQL: (2013, 'Lost connection to MySQL server during query')
2025-02-13 04:28:42,532 ERROR Error connecting to MySQL: (2013, 'Lost connection to MySQL server during query')
2025-02-13 04:29:20,725 ERROR Error connecting to MySQL: (2013, 'Lost connection to MySQL server during query')
2025-02-13 04:29:55,735 ERROR Error connecting to MySQL: (2013, 'Lost connection to MySQL server during query')
2025-02-13 04:30:39,625 ERROR Error connecting to MySQL: (2013, 'Lost connection to MySQL server during query')
2025-02-13 04:31:15,805 ERROR Error connecting to MySQL: (2013, 'Lost connection to MySQL server during query')
2025-02-13 04:31:50,817 ERROR Error connecting to MySQL: (2013, 'Lost connection to MySQL server during query')
2025-02-13 04:33:36,903 ERROR Error connecting to MySQL: (2013, 'Lost connection to MySQL server during query')
2025-02-13 04:34:11,911 ERROR Error connecting to MySQL: (2013, 'Lost connection to MySQL server during query')
2025-02-13 04:34:54,885 ERROR Error connecting to MySQL: (2013, 'Lost connection to MySQL server during query')
2025-02-13 04:35:45,160 ERROR Error connecting to MySQL: (2013, 'Lost connection to MySQL server during query')
2025-02-13 04:37:53,765 ERROR Error connecting to MySQL: (2013, 'Lost connection to MySQL server during query')
2025-02-13 04:38:28,786 ERROR Error connecting to MySQL: (2013, 'Lost connection to MySQL server during query')
2025-02-13 04:39:07,136 ERROR Error connecting to MySQL: (2013, 'Lost connection to MySQL server during query')
2025-02-13 04:39:42,967 ERROR Error connecting to MySQL: (2013, 'Lost connection to MySQL server during query')
2025-02-13 04:41:20,299 ERROR Error connecting to MySQL: (2013, 'Lost connection to MySQL server during query')
2025-02-13 04:41:55,315 ERROR Error connecting to MySQL: (2013, 'Lost connection to MySQL server during query')
2025-02-13 04:42:50,163 ERROR Error connecting to MySQL: (2013, 'Lost connection to MySQL server during query')
2025-02-13 04:43:36,406 ERROR Error connecting to MySQL: (2013, 'Lost connection to MySQL server during query')
2025-02-13 04:45:14,296 ERROR Error connecting to MySQL: (2013, 'Lost connection to MySQL server during query')
2025-02-13 04:46:11,134 ERROR Error connecting to MySQL: (2013, 'Lost connection to MySQL server during query')
2025-02-13 04:46:48,089 ERROR Error connecting to MySQL: (2013, 'Lost connection to MySQL server during query')
2025-02-13 04:47:25,963 ERROR Error connecting to MySQL: (2013, 'Lost connection to MySQL server during query')
2025-02-13 04:48:32,290 ERROR Error connecting to MySQL: (2013, 'Lost connection to MySQL server during query')
2025-02-13 04:49:07,323 ERROR Error connecting to MySQL: (2013, 'Lost connection to MySQL server during query')
2025-02-13 04:49:51,508 ERROR Error connecting to MySQL: (2013, 'Lost connection to MySQL server during query')
2025-02-13 04:50:26,516 ERROR Error connecting to MySQL: (2013, 'Lost connection to MySQL server during query')
2025-02-13 04:51:04,624 ERROR Error connecting to MySQL: (2013, 'Lost connection to MySQL server during query')
2025-02-13 04:53:07,001 ERROR Error connecting to MySQL: (2013, 'Lost connection to MySQL server during query')
2025-02-13 04:53:49,066 ERROR Error connecting to MySQL: (2013, 'Lost connection to MySQL server during query')
2025-02-13 04:55:28,086 ERROR Error connecting to MySQL: (2013, 'Lost connection to MySQL server during query')
2025-02-13 04:56:03,116 ERROR Error connecting to MySQL: (2013, 'Lost connection to MySQL server during query')
2025-02-13 04:56:38,131 ERROR Error connecting to MySQL: (2013, 'Lost connection to MySQL server during query')
2025-02-13 04:57:13,145 ERROR Error connecting to MySQL: (2013, 'Lost connection to MySQL server during query')
2025-02-13 04:58:07,227 ERROR Error connecting to MySQL: (2013, 'Lost connection to MySQL server during query')
2025-02-13 04:58:45,723 ERROR Error connecting to MySQL: (2013, 'Lost connection to MySQL server during query')
2025-02-13 04:59:24,748 ERROR Error connecting to MySQL: (2013, 'Lost connection to MySQL server during query')
2025-02-13 05:01:47,988 ERROR Error connecting to MySQL: (2013, 'Lost connection to MySQL server during query')
2025-02-13 05:02:30,477 ERROR Error connecting to MySQL: (2013, 'Lost connection to MySQL server during query')
2025-02-13 05:03:09,082 ERROR Error connecting to MySQL: (2013, 'Lost connection to MySQL server during query')
2025-02-13 05:03:44,644 ERROR Error connecting to MySQL: (2013, 'Lost connection to MySQL server during query')
2025-02-13 05:04:19,654 ERROR Error connecting to MySQL: (2013, 'Lost connection to MySQL server during query')
2025-02-13 12:45:09,048 ERROR Error connecting to MySQL: (2013, 'Lost connection to MySQL server during query')
2025-02-13 12:47:11,140 ERROR Error connecting to MySQL: (2013, 'Lost connection to MySQL server during query')
2025-02-13 12:47:52,329 ERROR Error connecting to MySQL: (2013, 'Lost connection to MySQL server during query')
2025-02-13 12:48:51,677 ERROR Error connecting to MySQL: (2013, 'Lost connection to MySQL server during query')
2025-02-13 12:49:35,378 ERROR Error connecting to MySQL: (2013, 'Lost connection to MySQL server during query')
2025-02-13 12:50:10,398 ERROR Error connecting to MySQL: (2013, 'Lost connection to MySQL server during query')
2025-02-13 12:51:06,574 ERROR Error connecting to MySQL: (2013, 'Lost connection to MySQL server during query')
2025-02-13 12:51:44,363 ERROR Error connecting to MySQL: (2013, 'Lost connection to MySQL server during query')
2025-02-13 12:52:34,976 ERROR Error connecting to MySQL: (2013, 'Lost connection to MySQL server during query')
2025-02-13 12:53:13,928 ERROR Error connecting to MySQL: (2013, 'Lost connection to MySQL server during query')
2025-02-13 13:20:24,672 ERROR Error connecting to MySQL: (2013, 'Lost connection to MySQL server during query')
2025-02-13 13:23:56,022 ERROR Error connecting to MySQL: (2013, 'Lost connection to MySQL server during query')
2025-02-13 13:36:07,445 ERROR Error connecting to MySQL: (2013, 'Lost connection to MySQL server during query')
2025-02-13 13:37:12,343 ERROR Error connecting to MySQL: (2013, 'Lost connection to MySQL server during query')
2025-02-13 13:46:37,168 ERROR Error connecting to MySQL: (2013, 'Lost connection to MySQL server during query')
2025-02-13 13:47:12,190 ERROR Error connecting to MySQL: (2013, 'Lost connection to MySQL server during query')
2025-02-13 13:47:47,267 ERROR Error connecting to MySQL: (2013, 'Lost connection to MySQL server during query')
2025-02-13 14:52:14,211 ERROR Error connecting to MySQL: (2013, 'Lost connection to MySQL server during query')
2025-02-13 14:52:49,228 ERROR Error connecting to MySQL: (2013, 'Lost connection to MySQL server during query')
2025-02-13 14:53:30,196 ERROR Error connecting to MySQL: (2013, 'Lost connection to MySQL server during query')
2025-02-13 14:54:11,391 ERROR Error connecting to MySQL: (2013, 'Lost connection to MySQL server during query')
2025-02-13 14:54:50,098 ERROR Error connecting to MySQL: (2013, 'Lost connection to MySQL server during query')
2025-02-13 14:55:25,141 ERROR Error connecting to MySQL: (2013, 'Lost connection to MySQL server during query')
2025-02-13 14:57:02,842 ERROR Error connecting to MySQL: (2013, 'Lost connection to MySQL server during query')
2025-02-13 14:57:47,485 ERROR Error connecting to MySQL: (2013, 'Lost connection to MySQL server during query')
2025-02-13 14:58:28,942 ERROR Error connecting to MySQL: (2013, 'Lost connection to MySQL server during query')
2025-02-13 14:59:12,853 ERROR Error connecting to MySQL: (2013, 'Lost connection to MySQL server during query')
2025-02-13 15:02:14,238 ERROR Error connecting to MySQL: (2013, 'Lost connection to MySQL server during query')
2025-02-13 15:04:40,714 ERROR Error connecting to MySQL: (2013, 'Lost connection to MySQL server during query')
2025-02-13 15:05:28,832 ERROR Error connecting to MySQL: (2013, 'Lost connection to MySQL server during query')
2025-02-13 15:06:03,872 ERROR Error connecting to MySQL: (2013, 'Lost connection to MySQL server during query')
2025-02-13 15:07:53,202 ERROR Error connecting to MySQL: (2013, 'Lost connection to MySQL server during query')
2025-02-13 15:08:37,198 ERROR Error connecting to MySQL: (2013, 'Lost connection to MySQL server during query')
2025-02-13 15:09:15,765 ERROR Error connecting to MySQL: (2013, 'Lost connection to MySQL server during query')
2025-02-13 15:11:10,291 ERROR Error connecting to MySQL: (2013, 'Lost connection to MySQL server during query')
2025-02-13 15:11:45,310 ERROR Error connecting to MySQL: (2013, 'Lost connection to MySQL server during query')
2025-02-13 15:12:23,860 ERROR Error connecting to MySQL: (2013, 'Lost connection to MySQL server during query')
2025-02-13 15:14:48,835 ERROR Error connecting to MySQL: (2013, 'Lost connection to MySQL server during query')
2025-02-13 15:15:44,134 ERROR Error connecting to MySQL: (2013, 'Lost connection to MySQL server during query')
2025-02-13 15:16:26,364 ERROR Error connecting to MySQL: (2013, 'Lost connection to MySQL server during query')
2025-02-13 15:17:01,374 ERROR Error connecting to MySQL: (2013, 'Lost connection to MySQL server during query')
2025-02-13 15:17:36,398 ERROR Error connecting to MySQL: (2013, 'Lost connection to MySQL server during query')
2025-02-13 15:18:11,423 ERROR Error connecting to MySQL: (2013, 'Lost connection to MySQL server during query')
2025-02-13 15:18:46,894 ERROR Error connecting to MySQL: (2013, 'Lost connection to MySQL server during query')
2025-02-13 15:19:25,126 ERROR Error connecting to MySQL: (2013, 'Lost connection to MySQL server during query')
2025-02-13 15:21:27,265 ERROR Error connecting to MySQL: (2013, 'Lost connection to MySQL server during query')
2025-02-13 15:22:17,170 ERROR Error connecting to MySQL: (2013, 'Lost connection to MySQL server during query')
2025-02-13 15:22:52,186 ERROR Error connecting to MySQL: (2013, 'Lost connection to MySQL server during query')
2025-02-13 15:23:27,202 ERROR Error connecting to MySQL: (2013, 'Lost connection to MySQL server during query')
2025-02-13 15:25:02,612 ERROR Error connecting to MySQL: (2013, 'Lost connection to MySQL server during query')
2025-02-13 15:25:47,824 ERROR Error connecting to MySQL: (2013, 'Lost connection to MySQL server during query')
2025-02-13 15:27:45,511 ERROR Error connecting to MySQL: (2013, 'Lost connection to MySQL server during query')
2025-02-13 15:28:25,837 ERROR Error connecting to MySQL: (2013, 'Lost connection to MySQL server during query')
2025-02-13 15:29:08,788 ERROR Error connecting to MySQL: (2013, 'Lost connection to MySQL server during query')
2025-02-13 15:29:43,804 ERROR Error connecting to MySQL: (2013, 'Lost connection to MySQL server during query')
2025-02-13 15:30:18,819 ERROR Error connecting to MySQL: (2013, 'Lost connection to MySQL server during query')
2025-02-13 15:34:10,843 ERROR Error connecting to MySQL: (2013, 'Lost connection to MySQL server during query')
2025-02-13 15:34:48,813 ERROR Error connecting to MySQL: (2013, 'Lost connection to MySQL server during query')
2025-02-13 15:36:38,967 ERROR Error connecting to MySQL: (2013, 'Lost connection to MySQL server during query')
2025-02-13 15:37:32,166 ERROR Error connecting to MySQL: (2013, 'Lost connection to MySQL server during query')
2025-02-13 15:39:33,015 ERROR Error connecting to MySQL: (2013, 'Lost connection to MySQL server during query')
2025-02-13 15:40:11,891 ERROR Error connecting to MySQL: (2013, 'Lost connection to MySQL server during query')
2025-02-13 15:40:50,032 ERROR Error connecting to MySQL: (2013, 'Lost connection to MySQL server during query')
2025-02-13 15:41:29,046 ERROR Error connecting to MySQL: (2013, 'Lost connection to MySQL server during query')
2025-02-13 15:42:04,062 ERROR Error connecting to MySQL: (2013, 'Lost connection to MySQL server during query')
2025-02-13 15:42:39,078 ERROR Error connecting to MySQL: (2013, 'Lost connection to MySQL server during query')
2025-02-13 15:44:47,570 ERROR Error connecting to MySQL: (2013, 'Lost connection to MySQL server during query')
2025-02-13 15:46:36,848 ERROR Error connecting to MySQL: (2013, 'Lost connection to MySQL server during query')
2025-02-13 15:47:14,702 ERROR Error connecting to MySQL: (2013, 'Lost connection to MySQL server during query')
2025-02-13 15:47:56,441 ERROR Error connecting to MySQL: (2013, 'Lost connection to MySQL server during query')
2025-02-13 15:48:39,297 ERROR Error connecting to MySQL: (2013, 'Lost connection to MySQL server during query')
2025-02-13 15:50:15,435 ERROR Error connecting to MySQL: (2013, 'Lost connection to MySQL server during query')
2025-02-13 15:51:15,209 ERROR Error connecting to MySQL: (2013, 'Lost connection to MySQL server during query')
2025-02-13 15:51:53,715 ERROR Error connecting to MySQL: (2013, 'Lost connection to MySQL server during query')
2025-02-13 15:52:28,725 ERROR Error connecting to MySQL: (2013, 'Lost connection to MySQL server during query')
2025-02-13 15:53:03,738 ERROR Error connecting to MySQL: (2013, 'Lost connection to MySQL server during query')
2025-02-13 15:53:39,557 ERROR Error connecting to MySQL: (2013, 'Lost connection to MySQL server during query')
2025-02-13 15:54:14,582 ERROR Error connecting to MySQL: (2013, 'Lost connection to MySQL server during query')
2025-02-13 15:54:54,143 ERROR Error connecting to MySQL: (2013, 'Lost connection to MySQL server during query')
2025-02-13 15:56:29,548 ERROR Error connecting to MySQL: (2013, 'Lost connection to MySQL server during query')
2025-02-13 15:57:04,567 ERROR Error connecting to MySQL: (2013, 'Lost connection to MySQL server during query')
2025-02-13 15:57:50,769 ERROR Error connecting to MySQL: (2013, 'Lost connection to MySQL server during query')
2025-02-13 15:58:43,025 ERROR Error connecting to MySQL: (2013, 'Lost connection to MySQL server during query')
2025-02-13 15:59:18,794 ERROR Error connecting to MySQL: (2013, 'Lost connection to MySQL server during query')
2025-02-13 15:59:53,808 ERROR Error connecting to MySQL: (2013, 'Lost connection to MySQL server during query')
2025-02-13 16:01:58,476 ERROR Error connecting to MySQL: (2013, 'Lost connection to MySQL server during query')
2025-02-13 16:02:37,654 ERROR Error connecting to MySQL: (2013, 'Lost connection to MySQL server during query')
2025-02-17 15:17:05,944 ERROR Error connecting to MySQL: (2013, 'Lost connection to MySQL server during query')
2025-02-17 15:38:54,665 ERROR Error connecting to MySQL: (2013, 'Lost connection to MySQL server during query')
2025-02-17 15:46:00,519 ERROR Error connecting to MySQL: (2013, 'Lost connection to MySQL server during query')
2025-02-17 15:48:04,987 ERROR Error connecting to MySQL: (2013, 'Lost connection to MySQL server during query')
2025-02-17 15:48:50,723 ERROR Error connecting to MySQL: (2013, 'Lost connection to MySQL server during query')
2025-02-17 15:49:31,235 ERROR Error connecting to MySQL: (2013, 'Lost connection to MySQL server during query')
2025-02-17 15:51:47,339 ERROR Error connecting to MySQL: (2013, 'Lost connection to MySQL server during query')
